app/build/intermediates/manifest_merge_blame_file/debug/manifest-merger-blame-debug-report.txt
1<?xml version="1.0" encoding="utf-8"?>
2<manifest xmlns:android="http://schemas.android.com/apk/res/android"
3    package="com.miguelrochefort.fitnesscamera"
4    android:versionCode="1"
5    android:versionName="1.0" >
6
7    <uses-sdk
8        android:minSdkVersion="26"
8-->src\main\AndroidManifest.xml
9        android:targetSdkVersion="33" />
9-->src\main\AndroidManifest.xml
10
11    <!-- 카메라 -->
12    <uses-permission android:name="android.permission.CAMERA" />
12-->src\main\AndroidManifest.xml:7:5-65
12-->src\main\AndroidManifest.xml:7:22-62
13
14    <uses-feature android:name="android.hardware.camera" />
14-->src\main\AndroidManifest.xml:8:5-60
14-->src\main\AndroidManifest.xml:8:19-57
15    <uses-feature android:name="android.hardware.camera.autofocus" />
15-->src\main\AndroidManifest.xml:9:5-70
15-->src\main\AndroidManifest.xml:9:19-67
16
17    <!-- 서버와 통신을 하기 위해 인터넷 권한을 얻는 것 -->
18    <uses-permission android:name="android.permission.INTERNET" /> <!-- 네트워크가 연결되었는지 확인할 수 있는 것 -->
18-->src\main\AndroidManifest.xml:12:5-67
18-->src\main\AndroidManifest.xml:12:22-64
19    <uses-permission android:name="android.permission.ACCESS_NETWORK_STATE" />
19-->src\main\AndroidManifest.xml:13:5-79
19-->src\main\AndroidManifest.xml:13:22-76
20    <uses-permission android:name="android.permission.ACCESS_WIFI_STATE" />
20-->src\main\AndroidManifest.xml:14:5-76
20-->src\main\AndroidManifest.xml:14:22-73
21    <uses-permission android:name="android.permission.READ_EXTERNAL_STORAGE" />
21-->src\main\AndroidManifest.xml:15:5-80
21-->src\main\AndroidManifest.xml:15:22-77
22    <uses-permission android:name="android.permission.WRITE_EXTERNAL_STORAGE" />
22-->src\main\AndroidManifest.xml:16:5-80
22-->src\main\AndroidManifest.xml:16:22-78
23
24    <!--
25     usesCleartextTraffic : http로 시작하는 사이트에 접근하기 위해서 적어줌
26     android는 default로 http 접근을 허용하지 않음. https를 지원하는 사이트와 통신할거면 안적어도됨.
27    -->
28    <uses-permission android:name="android.permission.ACCESS_FINE_LOCATION" />
28-->src\main\AndroidManifest.xml:20:5-79
28-->src\main\AndroidManifest.xml:20:22-76
29    <uses-permission android:name="android.permission.ACCESS_COARSE_LOCATION" />
29-->src\main\AndroidManifest.xml:21:5-81
29-->src\main\AndroidManifest.xml:21:22-78
30
31    <permission
31-->[androidx.core:core:1.9.0] AndroidManifest.xml:22:5-24:47
32        android:name="com.miguelrochefort.fitnesscamera.DYNAMIC_RECEIVER_NOT_EXPORTED_PERMISSION"
32-->[androidx.core:core:1.9.0] AndroidManifest.xml:23:9-81
33        android:protectionLevel="signature" />
33-->[androidx.core:core:1.9.0] AndroidManifest.xml:24:9-44
34
35    <uses-permission android:name="com.miguelrochefort.fitnesscamera.DYNAMIC_RECEIVER_NOT_EXPORTED_PERMISSION" />
35-->[androidx.core:core:1.9.0] AndroidManifest.xml:26:5-97
35-->[androidx.core:core:1.9.0] AndroidManifest.xml:26:22-94
36
37    <application
37-->src\main\AndroidManifest.xml:23:5-84:19
38        android:name="org.fitsum.AppTest"
38-->src\main\AndroidManifest.xml:33:9-42
39        android:allowBackup="true"
39-->src\main\AndroidManifest.xml:25:9-35
40        android:appComponentFactory="androidx.core.app.CoreComponentFactory"
40-->[androidx.core:core:1.9.0] AndroidManifest.xml:28:18-86
41        android:debuggable="true"
42        android:extractNativeLibs="false"
43        android:icon="@mipmap/ic_launcher"
43-->src\main\AndroidManifest.xml:26:9-43
44        android:label="FitSum"
44-->src\main\AndroidManifest.xml:27:9-31
45        android:requestLegacyExternalStorage="true"
45-->src\main\AndroidManifest.xml:24:9-52
46        android:roundIcon="@mipmap/ic_launcher_round"
46-->src\main\AndroidManifest.xml:28:9-54
47        android:supportsRtl="true"
47-->src\main\AndroidManifest.xml:29:9-35
48        android:testOnly="true"
49        android:theme="@style/Theme.AppCompat.Light.NoActionBar.FullScreen"
49-->src\main\AndroidManifest.xml:30:9-76
50        android:usesCleartextTraffic="true" >
50-->src\main\AndroidManifest.xml:32:9-44
51        <activity
51-->src\main\AndroidManifest.xml:36:9-37:39
52            android:name="org.fitsum.ChangePasswordActivity"
52-->src\main\AndroidManifest.xml:36:19-67
53            android:exported="false" />
53-->src\main\AndroidManifest.xml:37:13-37
54        <activity
54-->src\main\AndroidManifest.xml:38:9-39:39
55            android:name="org.fitsum.ChangeNicknameActivity"
55-->src\main\AndroidManifest.xml:38:19-67
56            android:exported="false" />
56-->src\main\AndroidManifest.xml:39:13-37
57        <activity
57-->src\main\AndroidManifest.xml:40:9-42:40
58            android:name="org.fitsum.FirstPart.FindIdActivity"
58-->src\main\AndroidManifest.xml:41:13-63
59            android:exported="false" />
59-->src\main\AndroidManifest.xml:42:13-37
60        <activity
60-->src\main\AndroidManifest.xml:43:9-45:40
61            android:name="org.fitsum.FirstPart.FindPwActivity"
61-->src\main\AndroidManifest.xml:44:13-63
62            android:exported="false" />
62-->src\main\AndroidManifest.xml:45:13-37
63        <activity
63-->src\main\AndroidManifest.xml:46:9-48:40
64            android:name="org.fitsum.SideMenuActivity"
64-->src\main\AndroidManifest.xml:47:13-55
65            android:exported="false" />
65-->src\main\AndroidManifest.xml:48:13-37
66        <activity
66-->src\main\AndroidManifest.xml:49:9-51:40
67            android:name="org.fitsum.BoardActivity"
67-->src\main\AndroidManifest.xml:50:13-52
68            android:exported="false" />
68-->src\main\AndroidManifest.xml:51:13-37
69        <activity
69-->src\main\AndroidManifest.xml:52:9-54:40
70            android:name="org.fitsum.CoinActivity"
70-->src\main\AndroidManifest.xml:53:13-51
71            android:exported="false" />
71-->src\main\AndroidManifest.xml:54:13-37
72        <activity
72-->src\main\AndroidManifest.xml:55:9-64:20
73            android:name="org.fitsum.MainActivity"
73-->src\main\AndroidManifest.xml:56:13-51
74            android:exported="true" >
74-->src\main\AndroidManifest.xml:57:13-36
75
76            <!-- <intent-filter> -->
77            <!-- <action android:name="android.intent.action.MAIN" /> -->
78
79
80            <!-- <category android:name="android.intent.category.LAUNCHER" /> -->
81            <!-- </intent-filter> -->
82
83        </activity>
84        <activity
84-->src\main\AndroidManifest.xml:65:9-73:20
85            android:name="org.fitsum.FirstPart.FirstActivity"
85-->src\main\AndroidManifest.xml:66:13-62
86            android:exported="true" >
86-->src\main\AndroidManifest.xml:67:13-36
87            <intent-filter>
87-->src\main\AndroidManifest.xml:68:13-72:29
88                <action android:name="android.intent.action.MAIN" />
88-->src\main\AndroidManifest.xml:69:17-69
88-->src\main\AndroidManifest.xml:69:25-66
89
90                <category android:name="android.intent.category.LAUNCHER" />
90-->src\main\AndroidManifest.xml:71:17-77
90-->src\main\AndroidManifest.xml:71:27-74
91            </intent-filter>
92        </activity>
93        <activity
93-->src\main\AndroidManifest.xml:74:9-76:39
94            android:name="org.fitsum.CameraActivity"
94-->src\main\AndroidManifest.xml:75:13-53
95            android:exported="true" />
95-->src\main\AndroidManifest.xml:76:13-36
96        <activity
96-->src\main\AndroidManifest.xml:77:9-79:39
97            android:name="org.fitsum.TestActivity"
97-->src\main\AndroidManifest.xml:78:13-51
98            android:exported="true" />
98-->src\main\AndroidManifest.xml:79:13-36
99        <activity
99-->src\main\AndroidManifest.xml:80:9-82:39
100            android:name="org.fitsum.CalenderActivity"
100-->src\main\AndroidManifest.xml:81:13-55
101            android:exported="true" />
101-->src\main\AndroidManifest.xml:82:13-36
102
103        <service
103-->[com.google.firebase:firebase-database:20.1.0] AndroidManifest.xml:28:9-34:19
104            android:name="com.google.firebase.components.ComponentDiscoveryService"
104-->[com.google.firebase:firebase-database:20.1.0] AndroidManifest.xml:29:13-84
105            android:directBootAware="true"
105-->[com.google.firebase:firebase-common:20.2.0] AndroidManifest.xml:34:13-43
106            android:exported="false" >
106-->[com.google.firebase:firebase-database:20.1.0] AndroidManifest.xml:30:13-37
107            <meta-data
107-->[com.google.firebase:firebase-database:20.1.0] AndroidManifest.xml:31:13-33:85
108                android:name="com.google.firebase.components:com.google.firebase.database.DatabaseRegistrar"
108-->[com.google.firebase:firebase-database:20.1.0] AndroidManifest.xml:32:17-109
109                android:value="com.google.firebase.components.ComponentRegistrar" />
109-->[com.google.firebase:firebase-database:20.1.0] AndroidManifest.xml:33:17-82
110        </service>
111
112        <activity
112-->[com.google.android.gms:play-services-base:18.0.1] AndroidManifest.xml:20:9-22:45
113            android:name="com.google.android.gms.common.api.GoogleApiActivity"
113-->[com.google.android.gms:play-services-base:18.0.1] AndroidManifest.xml:20:19-85
114            android:exported="false"
114-->[com.google.android.gms:play-services-base:18.0.1] AndroidManifest.xml:22:19-43
115            android:theme="@android:style/Theme.Translucent.NoTitleBar" />
115-->[com.google.android.gms:play-services-base:18.0.1] AndroidManifest.xml:21:19-78
116
117        <provider
117-->[com.google.firebase:firebase-common:20.2.0] AndroidManifest.xml:25:9-30:39
118            android:name="com.google.firebase.provider.FirebaseInitProvider"
118-->[com.google.firebase:firebase-common:20.2.0] AndroidManifest.xml:26:13-77
119            android:authorities="com.miguelrochefort.fitnesscamera.firebaseinitprovider"
119-->[com.google.firebase:firebase-common:20.2.0] AndroidManifest.xml:27:13-72
120            android:directBootAware="true"
120-->[com.google.firebase:firebase-common:20.2.0] AndroidManifest.xml:28:13-43
121            android:exported="false"
121-->[com.google.firebase:firebase-common:20.2.0] AndroidManifest.xml:29:13-37
122            android:initOrder="100" />
122-->[com.google.firebase:firebase-common:20.2.0] AndroidManifest.xml:30:13-36
123
124        <meta-data
124-->[com.google.android.gms:play-services-basement:18.1.0] AndroidManifest.xml:21:9-23:69
125            android:name="com.google.android.gms.version"
125-->[com.google.android.gms:play-services-basement:18.1.0] AndroidManifest.xml:22:13-58
126            android:value="@integer/google_play_services_version" />
126-->[com.google.android.gms:play-services-basement:18.1.0] AndroidManifest.xml:23:13-66
127
128        <uses-library
128-->[androidx.window:window:1.0.0] AndroidManifest.xml:25:9-27:40
129            android:name="androidx.window.extensions"
129-->[androidx.window:window:1.0.0] AndroidManifest.xml:26:13-54
130            android:required="false" />
130-->[androidx.window:window:1.0.0] AndroidManifest.xml:27:13-37
131        <uses-library
131-->[androidx.window:window:1.0.0] AndroidManifest.xml:28:9-30:40
132            android:name="androidx.window.sidecar"
132-->[androidx.window:window:1.0.0] AndroidManifest.xml:29:13-51
133            android:required="false" />
133-->[androidx.window:window:1.0.0] AndroidManifest.xml:30:13-37
134
135        <provider
135-->[androidx.emoji2:emoji2:1.2.0] AndroidManifest.xml:24:9-32:20
136            android:name="androidx.startup.InitializationProvider"
136-->[androidx.emoji2:emoji2:1.2.0] AndroidManifest.xml:25:13-67
137            android:authorities="com.miguelrochefort.fitnesscamera.androidx-startup"
137-->[androidx.emoji2:emoji2:1.2.0] AndroidManifest.xml:26:13-68
138            android:exported="false" >
138-->[androidx.emoji2:emoji2:1.2.0] AndroidManifest.xml:27:13-37
139            <meta-data
139-->[androidx.emoji2:emoji2:1.2.0] AndroidManifest.xml:29:13-31:52
140                android:name="androidx.emoji2.text.EmojiCompatInitializer"
140-->[androidx.emoji2:emoji2:1.2.0] AndroidManifest.xml:30:17-75
141                android:value="androidx.startup" />
141-->[androidx.emoji2:emoji2:1.2.0] AndroidManifest.xml:31:17-49
142            <meta-data
142-->[androidx.lifecycle:lifecycle-process:2.4.1] AndroidManifest.xml:31:13-33:52
143                android:name="androidx.lifecycle.ProcessLifecycleInitializer"
143-->[androidx.lifecycle:lifecycle-process:2.4.1] AndroidManifest.xml:32:17-78
144                android:value="androidx.startup" />
144-->[androidx.lifecycle:lifecycle-process:2.4.1] AndroidManifest.xml:33:17-49
145        </provider>
146    </application>
147
148</manifest>